-------------------------------------------------------------------------------
Test set: com.rustudor.springboot2.Springboot2ApplicationTests
-------------------------------------------------------------------------------
Tests run: 1, Failures: 0, Errors: 1, Skipped: 0, Time elapsed: 2.614 s <<< FAILURE! - in com.rustudor.springboot2.Springboot2ApplicationTests
contextLoads(com.rustudor.springboot2.Springboot2ApplicationTests)  Time elapsed: 0.001 s  <<< ERROR!
java.lang.IllegalStateException: Failed to load ApplicationContext
Caused by: org.springframework.beans.factory.BeanCreationException: Error creating bean with name 'usersRepository': Invocation of init method failed; nested exception is java.lang.IllegalArgumentException: Not a managed type: class com.rustudor.Entity.User
Caused by: java.lang.IllegalArgumentException: Not a managed type: class com.rustudor.Entity.User

